Remove old SCITE_USERHOME
Add SCITE_USERHOME to registry
Tell Windows to Update Enviroment
===== Moving all users files into new Directory structure ===================
Create folder: C:\Users\jplague\AppData\Local\AutoIt v3\SciTE
>Check C:\Users\jvdza\AppData\Roaming\Scite jump\settings.ini
Create folder: C:\Users\jplague\AppData\Local\AutoIt v3\SciTE\Tidy
>Copy  C:\Program Files (x86)\AutoIt3\SciTE\Tidy\Tidy.ini to  C:\Users\jplague\AppData\Local\AutoIt v3\SciTE\Tidy\Tidy.ini
Copy failed
Output folder: C:\Users\jplague\AppData\Local\AutoIt v3\SciTE
!!!! SciTE Lite found so renaming directory to allow for un-install
Create folder: C:\Program Files (x86)\AutoIt3\SciTE\..\SciTE-AutoIt3Installer
Create folder: C:\Program Files (x86)\AutoIt3\SciTE\..\SciTE-AutoIt3Installer\api
Copy to C:\Program Files (x86)\AutoIt3\SciTE\..\SciTE-AutoIt3Installer\SciTE.exe
Copy to C:\Program Files (x86)\AutoIt3\SciTE\..\SciTE-AutoIt3Installer\au3.keywords.properties
Copy to C:\Program Files (x86)\AutoIt3\SciTE\..\SciTE-AutoIt3Installer\\api\au3.api
Copy failed
Extract: C:\Users\jplague\AppData\Local\AutoIt v3\SciTE\abbrev.properties
Extract: C:\Users\jplague\AppData\Local\AutoIt v3\SciTE\au3abbrev.properties
Extract: C:\Users\jplague\AppData\Local\AutoIt v3\SciTE\au3.keywords.user.abbreviations.properties
Extract: C:\Users\jplague\AppData\Local\AutoIt v3\SciTE\au3UserAbbrev.properties
Output folder: C:\Program Files (x86)\AutoIt3\SciTE
Extract: SciTEGlobal.properties
Extract: License.txt
Extract: luaCOPYRIGHT
Extract: SciLexer.dll
Extract: SciTE4AutoIt3.chm
Extract: SciTE.exe
Output folder: C:\Program Files (x86)\AutoIt3\SciTE\Properties
Extract: Embedded.properties
Extract: abaqus.properties
Extract: ada.properties
Extract: asl.properties
Extract: asm.properties
Extract: asn1.properties
Extract: au3.keywords.abbreviations.properties
Extract: au3.keywords.properties
Extract: au3.pixmap.properties
Extract: au3.properties
Extract: au3_Old.properties
Extract: autoit3wrapper.keywords.properties
Extract: ave.properties
Extract: avs.properties
Extract: baan.properties
Extract: bcx.properties
Extract: blitzbasic.properties
Extract: bullant.properties
Extract: caml.properties
Extract: cmake.properties
Extract: cobol.properties
Extract: coffeescript.properties
Extract: conf.properties
Extract: cpp.properties
Extract: csound.properties
Extract: css.properties
Extract: d.properties
Extract: ecl.properties
Extract: eiffel.properties
Extract: erlang.properties
Extract: escript.properties
Extract: flagship.properties
Extract: forth.properties
Extract: fortran.properties
Extract: freebasic.properties
Extract: gap.properties
Extract: haskell.properties
Extract: hex.properties
Extract: html.properties
Extract: inno.properties
Extract: json.properties
Extract: kix.properties
Extract: latex.properties
Extract: lisp.properties
Extract: lot.properties
Extract: lout.properties
Extract: lua.properties
Extract: matlab.properties
Extract: metapost.properties
Extract: mmixal.properties
Extract: modula3.properties
Extract: nimrod.properties
Extract: nncrontab.properties
Extract: nsis.properties
Extract: opal.properties
Extract: oscript.properties
Extract: others.properties
Extract: pascal.properties
Extract: perl.properties
Extract: pov.properties
Extract: powerpro.properties
Extract: powershell.properties
Extract: ps.properties
Extract: purebasic.properties
Extract: python.properties
Extract: r.properties
Extract: rebol.properties
Extract: registry.properties
Extract: ruby.properties
Extract: rust.properties
Extract: scriptol.properties
Extract: smalltalk.properties
Extract: sorcins.properties
Extract: specman.properties
Extract: spice.properties
Extract: sql.properties
Extract: tacl.properties
Extract: tal.properties
Extract: tcl.properties
Extract: tex.properties
Extract: txt2tags.properties
Extract: vb.properties
Extract: verilog.properties
Extract: vhdl.properties
Extract: yaml.properties
Output folder: C:\Program Files (x86)\AutoIt3\SciTE\lua
Extract: AutoHScroll.lua
Extract: AutoItAutoComplete.lua
Extract: AutoItGotoDefinition.lua
Extract: AutoItIndentFix.lua
Extract: AutoItPixmap.lua
Extract: AutoItTools.lua
Extract: Class.lua
Extract: Common.lua
Extract: EdgeMode.lua
Extract: LUAAutoComplete.lua
Extract: SciTEStartup.lua
Extract: SciTE_extras.lua
Extract: SmartAutoCompleteHide.lua
Extract: Tools.lua
Extract: C:\Users\jplague\AppData\Local\AutoIt v3\SciTE\PersonalTools.lua
Output folder: C:\Program Files (x86)\AutoIt3\SciTE\SciTEConfig
Extract: AbbrevMan.au3
Extract: Get_AU3_RegistrySettings.au3
Extract: SciteConfig.au3
Extract: Scite_Reload_Props.au3
Extract: StringSize.au3
Extract: UCTMan.au3
Output folder: C:\Users\jplague\AppData\Local\AutoIt v3\SciTE\SciTEConfig
Extract: MSDEV.SciTEConfig
Extract: MSDEV2.SciTEConfig
Extract: Monokai.SciTEConfig
Extract: OLD_LCD.SciTEConfig
Extract: Twilight.SciTEConfig
Extract: _OldSciTE4AutoIt3.SciTEConfig
Extract: __SciTE4AutoIt3.SciTEConfig
Extract: __SciTE4AutoIt3_Dark.SciTEConfig
Output folder: C:\Program Files (x86)\AutoIt3\SciTE
Create folder: C:\ProgramData\Microsoft\Windows\Start Menu\Programs\AutoIt v3\SciTE
Create shortcut: C:\ProgramData\Microsoft\Windows\Start Menu\Programs\AutoIt v3\SciTE\SciTE.lnk
Output folder: C:\Program Files (x86)\AutoIt3\SciTE\api
Extract: iface.api
Extract: au3.autoit3wrapper.api
Skipped: au3.api
Extract: C:\Users\jplague\AppData\Local\AutoIt v3\SciTE\au3.user.calltips.api
Extract: C:\Users\jplague\AppData\Local\AutoIt v3\SciTE\au3.UserUdfs.properties
Output folder: C:\Program Files (x86)\AutoIt3\SciTE\au3Stripper
Create folder: C:\Users\jplague\AppData\Local\AutoIt v3\SciTE\Au3Stripper
Extract: AU3Stripper.exe
Extract: C:\Users\jplague\AppData\Local\AutoIt v3\SciTE\au3Stripper\au3Stripper.dat
Output folder: C:\Program Files (x86)\AutoIt3\SciTE\Tidy
Extract: Tidy.exe
Create folder: C:\Users\jplague\AppData\Local\AutoIt v3\SciTE\Tidy
Extract: C:\Users\jplague\AppData\Local\AutoIt v3\SciTE\tidy\Tidy_Example.ini
Extract: C:\Users\jplague\AppData\Local\AutoIt v3\SciTE\tidy\UserFunctions.txt
Output folder: C:\Program Files (x86)\AutoIt3\SciTE\AutoIt3Wrapper
Extract: AutoIt3Wrapper.au3
Extract: Directives.au3
Create folder: C:\Users\jplague\AppData\Local\AutoIt v3\SciTE\AutoIt3Wrapper
Extract: C:\Users\jplague\AppData\Local\AutoIt v3\SciTE\AutoIt3Wrapper\AutoIt3Wrapper.ini.example
Output folder: C:\Program Files (x86)\AutoIt3\SciTE\CodeWizard
Extract: CodeWizard.au3
Extract: CodeWizard.chm
Extract: ReadMe.txt
Create folder: C:\Users\jplague\AppData\Local\AutoIt v3\SciTE\CodeWizard
Extract: C:\Users\jplague\AppData\Local\AutoIt v3\SciTE\CodeWizard\colors.ini
Output folder: C:\Program Files (x86)\AutoIt3\SciTE\Koda
Extract: FD.chm
Extract: FD.exe
Extract: history.txt
Extract: styles.xml
Output folder: C:\Program Files (x86)\AutoIt3\SciTE\Koda\Templates
Extract: About Box.kxf
Extract: Dialog with help (vertical).kxf
Extract: Dialog with help.kxf
Extract: Dual ListBox.kxf
Extract: Form.kxf
Extract: Password Dialog.kxf
Extract: Standard Dialog (vertical).kxf
Extract: Standard Dialog.kxf
Extract: Tabbed Pages.kxf
Output folder: C:\Program Files (x86)\AutoIt3\SciTE\Koda\Language
Extract: help_eng.chm
Extract: lang_bg.xml
Extract: lang_bra.xml
Extract: lang_cze.xml
Extract: lang_fra.xml
Extract: lang_ger.xml
Extract: lang_ita.xml
Extract: lang_pol.xml
Extract: lang_rus.xml
Extract: lang_spa.xml
Extract: lang_zhcn.xml
Extract: lang_zhtw.xml
Output folder: C:\Program Files (x86)\AutoIt3\SciTE\SciTE Jump
Extract: HelpFile.chm
Extract: License.txt
Extract: Monitor.au3
Extract: Readme.txt
Extract: SciTE Jump.au3
Output folder: C:\Program Files (x86)\AutoIt3\SciTE\SciTE Jump\Includes
Extract: WM_COPYDATA.au3
Extract: _CRC32ForFile.au3
Extract: _Functions.au3
Extract: _GUIDisable.au3
Extract: _Language.au3
Extract: _PreProcessor.au3
Extract: _SciTE.au3
Extract: _SciTE_GetSciTEDefaultHome.au3
Extract: _SciTE_Send_Command.au3
Output folder: C:\Program Files (x86)\AutoIt3\SciTE\SciTE Jump\Languages
Extract: Dutch.lng
Extract: English.lng
Extract: Finnish.lng
Extract: French.lng
Extract: German.lng
Extract: Greek.lng
Extract: Hungarian.lng
Extract: Italian.lng
Extract: LangChanges.txt
Extract: Persian.lng
Extract: Polish.lng
Extract: Romanian.lng
Extract: Russian.lng
Extract: Translate.txt
Output folder: C:\Program Files (x86)\AutoIt3\SciTE\Defs
Output folder: C:\Program Files (x86)\AutoIt3\SciTE\Defs\Production
Extract: au3.keywords.properties
Output folder: C:\Program Files (x86)\AutoIt3\SciTE\Defs\Production\api
Extract: au3.api
Output folder: C:\Program Files (x86)\AutoIt3\SciTE\Defs\beta
Extract: au3.keywords.properties
Output folder: C:\Program Files (x86)\AutoIt3\SciTE\Defs\beta\api
Extract: au3.api
Create shortcut: C:\ProgramData\Microsoft\Windows\Start Menu\Programs\AutoIt v3\SciTE\Website.lnk
Create shortcut: C:\ProgramData\Microsoft\Windows\Start Menu\Programs\AutoIt v3\SciTE\Uninstall.lnk
Created uninstaller: C:\Program Files (x86)\AutoIt3\SciTE\uninst.exe
===== Update settings in SciTEUser.properties. ===================
Execute: "C:\Program Files (x86)\AutoIt3\SciTE\..\AutoIt3.exe" "C:\Program Files (x86)\AutoIt3\SciTE\SciTEConfig\SciTEConfig.au3" /Installer
===== Install finished. ==========================================
